Build started 23/05/2012 12:44:18 AM.
     1>Project "C:\Users\LinhNguyen\Dropbox\MyGmail - Pcomms\ICTD\sorterSnmp v0.3 - working with a named pipe\C++ pipe\ServerPipe\ServerPipe\ServerPipe.vcxproj" on node 2 (build target(s)).
     1>InitializeBuildStatus:
         Creating "Debug\ServerPipe.unsuccessfulbuild" because "AlwaysCreate" was specified.
       ClCompile:
         C:\Program Files (x86)\Microsoft Visual Studio 10.0\VC\bin\CL.exe /c /ZI /nologo /W3 /WX- /Od /Oy- /D WIN32 /D _DEBUG /D _CONSOLE /D _UNICODE /D UNICODE /Gm /EHsc /RTC1 /MDd /GS /fp:precise /Zc:wchar_t /Zc:forScope /Yc"StdAfx.h" /Fp"Debug\ServerPipe.pch" /Fo"Debug\\" /Fd"Debug\vc100.pdb" /Gd /TP /analyze- /errorReport:prompt stdafx.cpp
         stdafx.cpp
         C:\Program Files (x86)\Microsoft Visual Studio 10.0\VC\bin\CL.exe /c /ZI /nologo /W3 /WX- /Od /Oy- /D WIN32 /D _DEBUG /D _CONSOLE /D _UNICODE /D UNICODE /Gm /EHsc /RTC1 /MDd /GS /fp:precise /Zc:wchar_t /Zc:forScope /Yu"StdAfx.h" /Fp"Debug\ServerPipe.pch" /Fo"Debug\\" /Fd"Debug\vc100.pdb" /Gd /TP /analyze- /errorReport:prompt ServerPipe.cpp
         ServerPipe.cpp
       ManifestResourceCompile:
         C:\Program Files (x86)\Microsoft SDKs\Windows\v7.0A\bin\rc.exe /nologo /fo"Debug\ServerPipe.exe.embed.manifest.res" Debug\ServerPipe_manifest.rc 
       Link:
         C:\Program Files (x86)\Microsoft Visual Studio 10.0\VC\bin\link.exe /ERRORREPORT:PROMPT /OUT:"C:\Users\LinhNguyen\Dropbox\MyGmail - Pcomms\ICTD\sorterSnmp v0.3 - working with a named pipe\C++ pipe\ServerPipe\Debug\ServerPipe.exe" /INCREMENTAL /NOLOGO kernel32.lib user32.lib gdi32.lib winspool.lib comdlg32.lib advapi32.lib shell32.lib ole32.lib oleaut32.lib uuid.lib odbc32.lib odbccp32.lib /MANIFEST /ManifestFile:"Debug\ServerPipe.exe.intermediate.manifest" /MANIFESTUAC:"level='asInvoker' uiAccess='false'" /DEBUG /PDB:"C:\Users\LinhNguyen\Dropbox\MyGmail - Pcomms\ICTD\sorterSnmp v0.3 - working with a named pipe\C++ pipe\ServerPipe\Debug\ServerPipe.pdb" /SUBSYSTEM:CONSOLE /TLBID:1 /DYNAMICBASE /NXCOMPAT /IMPLIB:"C:\Users\LinhNguyen\Dropbox\MyGmail - Pcomms\ICTD\sorterSnmp v0.3 - working with a named pipe\C++ pipe\ServerPipe\Debug\ServerPipe.lib" /MACHINE:X86 Debug\ServerPipe.exe.embed.manifest.res
         Debug\ServerPipe.obj
         Debug\stdafx.obj
       Manifest:
         C:\Program Files (x86)\Microsoft SDKs\Windows\v7.0A\bin\mt.exe /nologo /verbose /out:"Debug\ServerPipe.exe.embed.manifest" /manifest Debug\ServerPipe.exe.intermediate.manifest
         All outputs are up-to-date.
       LinkEmbedManifest:
         All outputs are up-to-date.
         ServerPipe.vcxproj -> C:\Users\LinhNguyen\Dropbox\MyGmail - Pcomms\ICTD\sorterSnmp v0.3 - working with a named pipe\C++ pipe\ServerPipe\Debug\ServerPipe.exe
       FinalizeBuildStatus:
         Deleting file "Debug\ServerPipe.unsuccessfulbuild".
         Touching "Debug\ServerPipe.lastbuildstate".
     1>Done Building Project "C:\Users\LinhNguyen\Dropbox\MyGmail - Pcomms\ICTD\sorterSnmp v0.3 - working with a named pipe\C++ pipe\ServerPipe\ServerPipe\ServerPipe.vcxproj" (build target(s)).

Build succeeded.

Time Elapsed 00:00:02.24
