Build started 23/05/2012 1:53:27 AM.
     1>Project "C:\Users\LinhNguyen\Documents\Visual Studio 2010\Projects\ClientCplus\ClientCplus\ClientCplus.vcxproj" on node 2 (build target(s)).
     1>InitializeBuildStatus:
         Creating "Debug\ClientCplus.unsuccessfulbuild" because "AlwaysCreate" was specified.
       ClCompile:
         All outputs are up-to-date.
         C:\Program Files (x86)\Microsoft Visual Studio 10.0\VC\bin\CL.exe /c /ZI /nologo /W3 /WX- /Od /Oy- /D WIN32 /D _DEBUG /D _CONSOLE /D _UNICODE /D UNICODE /Gm /EHsc /RTC1 /MDd /GS /fp:precise /Zc:wchar_t /Zc:forScope /Yu"StdAfx.h" /Fp"Debug\ClientCplus.pch" /Fo"Debug\\" /Fd"Debug\vc100.pdb" /Gd /TP /analyze- /errorReport:prompt ClientCplus.cpp
         ClientCplus.cpp
       ManifestResourceCompile:
         All outputs are up-to-date.
       Link:
         C:\Program Files (x86)\Microsoft Visual Studio 10.0\VC\bin\link.exe /ERRORREPORT:PROMPT /OUT:"C:\Users\LinhNguyen\Documents\Visual Studio 2010\Projects\ClientCplus\Debug\ClientCplus.exe" /INCREMENTAL /NOLOGO kernel32.lib user32.lib gdi32.lib winspool.lib comdlg32.lib advapi32.lib shell32.lib ole32.lib oleaut32.lib uuid.lib odbc32.lib odbccp32.lib /MANIFEST /ManifestFile:"Debug\ClientCplus.exe.intermediate.manifest" /MANIFESTUAC:"level='asInvoker' uiAccess='false'" /DEBUG /PDB:"C:\Users\LinhNguyen\Documents\Visual Studio 2010\Projects\ClientCplus\Debug\ClientCplus.pdb" /SUBSYSTEM:CONSOLE /TLBID:1 /DYNAMICBASE /NXCOMPAT /IMPLIB:"C:\Users\LinhNguyen\Documents\Visual Studio 2010\Projects\ClientCplus\Debug\ClientCplus.lib" /MACHINE:X86 Debug\ClientCplus.exe.embed.manifest.res
         Debug\ClientCplus.obj
         Debug\stdafx.obj
       Manifest:
         C:\Program Files (x86)\Microsoft SDKs\Windows\v7.0A\bin\mt.exe /nologo /verbose /out:"Debug\ClientCplus.exe.embed.manifest" /manifest Debug\ClientCplus.exe.intermediate.manifest
         All outputs are up-to-date.
       LinkEmbedManifest:
         All outputs are up-to-date.
         ClientCplus.vcxproj -> C:\Users\LinhNguyen\Documents\Visual Studio 2010\Projects\ClientCplus\Debug\ClientCplus.exe
       FinalizeBuildStatus:
         Deleting file "Debug\ClientCplus.unsuccessfulbuild".
         Touching "Debug\ClientCplus.lastbuildstate".
     1>Done Building Project "C:\Users\LinhNguyen\Documents\Visual Studio 2010\Projects\ClientCplus\ClientCplus\ClientCplus.vcxproj" (build target(s)).

Build succeeded.

Time Elapsed 00:00:01.19
