Build started 23/05/2012 1:03:34 PM.
     1>Project "C:\Users\LinhNguyen\Dropbox\MyGmail - Pcomms\ICTD\sorterSnmp v0.3 - working with a named pipe\C++ client & C# server FULL-DUPLEX\CPPipeClient\CPPipeClient\CPPipeClient.vcxproj" on node 2 (build target(s)).
     1>InitializeBuildStatus:
         Creating "Debug\CPPipeClient.unsuccessfulbuild" because "AlwaysCreate" was specified.
       ClCompile:
         All outputs are up-to-date.
         C:\Program Files (x86)\Microsoft Visual Studio 10.0\VC\bin\CL.exe /c /ZI /nologo /W3 /WX- /Od /Oy- /D WIN32 /D _DEBUG /D _CONSOLE /D _UNICODE /D UNICODE /Gm /EHsc /RTC1 /MDd /GS /fp:precise /Zc:wchar_t /Zc:forScope /Yu"StdAfx.h" /Fp"Debug\CPPipeClient.pch" /Fo"Debug\\" /Fd"Debug\vc100.pdb" /Gd /TP /analyze- /errorReport:prompt CPPipeClient.cpp
         CPPipeClient.cpp
       ManifestResourceCompile:
         All outputs are up-to-date.
       Link:
         C:\Program Files (x86)\Microsoft Visual Studio 10.0\VC\bin\link.exe /ERRORREPORT:PROMPT /OUT:"C:\Users\LinhNguyen\Dropbox\MyGmail - Pcomms\ICTD\sorterSnmp v0.3 - working with a named pipe\C++ client & C# server FULL-DUPLEX\CPPipeClient\Debug\CPPipeClient.exe" /INCREMENTAL /NOLOGO kernel32.lib user32.lib gdi32.lib winspool.lib comdlg32.lib advapi32.lib shell32.lib ole32.lib oleaut32.lib uuid.lib odbc32.lib odbccp32.lib /MANIFEST /ManifestFile:"Debug\CPPipeClient.exe.intermediate.manifest" /MANIFESTUAC:"level='asInvoker' uiAccess='false'" /DEBUG /PDB:"C:\Users\LinhNguyen\Dropbox\MyGmail - Pcomms\ICTD\sorterSnmp v0.3 - working with a named pipe\C++ client & C# server FULL-DUPLEX\CPPipeClient\Debug\CPPipeClient.pdb" /SUBSYSTEM:CONSOLE /TLBID:1 /DYNAMICBASE /NXCOMPAT /IMPLIB:"C:\Users\LinhNguyen\Dropbox\MyGmail - Pcomms\ICTD\sorterSnmp v0.3 - working with a named pipe\C++ client & C# server FULL-DUPLEX\CPPipeClient\Debug\CPPipeClient.lib" /MACHINE:X86 Debug\CPPipeClient.exe.embed.manifest.res
         Debug\CPPipeClient.obj
         Debug\stdafx.obj
       Manifest:
         C:\Program Files (x86)\Microsoft SDKs\Windows\v7.0A\bin\mt.exe /nologo /verbose /out:"Debug\CPPipeClient.exe.embed.manifest" /manifest Debug\CPPipeClient.exe.intermediate.manifest
         All outputs are up-to-date.
       LinkEmbedManifest:
         All outputs are up-to-date.
         CPPipeClient.vcxproj -> C:\Users\LinhNguyen\Dropbox\MyGmail - Pcomms\ICTD\sorterSnmp v0.3 - working with a named pipe\C++ client & C# server FULL-DUPLEX\CPPipeClient\Debug\CPPipeClient.exe
       FinalizeBuildStatus:
         Deleting file "Debug\CPPipeClient.unsuccessfulbuild".
         Touching "Debug\CPPipeClient.lastbuildstate".
     1>Done Building Project "C:\Users\LinhNguyen\Dropbox\MyGmail - Pcomms\ICTD\sorterSnmp v0.3 - working with a named pipe\C++ client & C# server FULL-DUPLEX\CPPipeClient\CPPipeClient\CPPipeClient.vcxproj" (build target(s)).

Build succeeded.

Time Elapsed 00:00:01.42
