Build started 23/05/2012 12:43:28 AM.
     1>Project "C:\Users\LinhNguyen\Dropbox\MyGmail - Pcomms\ICTD\sorterSnmp v0.3 - working with a named pipe\C++ pipe\ClientPipe\ClientPipe\ClientPipe.vcxproj" on node 2 (build target(s)).
     1>InitializeBuildStatus:
         Creating "Debug\ClientPipe.unsuccessfulbuild" because "AlwaysCreate" was specified.
       ClCompile:
         All outputs are up-to-date.
         C:\Program Files (x86)\Microsoft Visual Studio 10.0\VC\bin\CL.exe /c /ZI /nologo /W3 /WX- /Od /Oy- /D WIN32 /D _DEBUG /D _CONSOLE /D _UNICODE /D UNICODE /Gm /EHsc /RTC1 /MDd /GS /fp:precise /Zc:wchar_t /Zc:forScope /Yu"StdAfx.h" /Fp"Debug\ClientPipe.pch" /Fo"Debug\\" /Fd"Debug\vc100.pdb" /Gd /TP /analyze- /errorReport:prompt ClientPipe.cpp
         ClientPipe.cpp
       ManifestResourceCompile:
         All outputs are up-to-date.
       Link:
         C:\Program Files (x86)\Microsoft Visual Studio 10.0\VC\bin\link.exe /ERRORREPORT:PROMPT /OUT:"C:\Users\LinhNguyen\Dropbox\MyGmail - Pcomms\ICTD\sorterSnmp v0.3 - working with a named pipe\C++ pipe\ClientPipe\Debug\ClientPipe.exe" /INCREMENTAL /NOLOGO kernel32.lib user32.lib gdi32.lib winspool.lib comdlg32.lib advapi32.lib shell32.lib ole32.lib oleaut32.lib uuid.lib odbc32.lib odbccp32.lib /MANIFEST /ManifestFile:"Debug\ClientPipe.exe.intermediate.manifest" /MANIFESTUAC:"level='asInvoker' uiAccess='false'" /DEBUG /PDB:"C:\Users\LinhNguyen\Dropbox\MyGmail - Pcomms\ICTD\sorterSnmp v0.3 - working with a named pipe\C++ pipe\ClientPipe\Debug\ClientPipe.pdb" /SUBSYSTEM:CONSOLE /TLBID:1 /DYNAMICBASE /NXCOMPAT /IMPLIB:"C:\Users\LinhNguyen\Dropbox\MyGmail - Pcomms\ICTD\sorterSnmp v0.3 - working with a named pipe\C++ pipe\ClientPipe\Debug\ClientPipe.lib" /MACHINE:X86 Debug\ClientPipe.exe.embed.manifest.res
         Debug\ClientPipe.obj
         Debug\stdafx.obj
       Manifest:
         C:\Program Files (x86)\Microsoft SDKs\Windows\v7.0A\bin\mt.exe /nologo /verbose /out:"Debug\ClientPipe.exe.embed.manifest" /manifest Debug\ClientPipe.exe.intermediate.manifest
         All outputs are up-to-date.
       LinkEmbedManifest:
         All outputs are up-to-date.
         ClientPipe.vcxproj -> C:\Users\LinhNguyen\Dropbox\MyGmail - Pcomms\ICTD\sorterSnmp v0.3 - working with a named pipe\C++ pipe\ClientPipe\Debug\ClientPipe.exe
       FinalizeBuildStatus:
         Deleting file "Debug\ClientPipe.unsuccessfulbuild".
         Touching "Debug\ClientPipe.lastbuildstate".
     1>Done Building Project "C:\Users\LinhNguyen\Dropbox\MyGmail - Pcomms\ICTD\sorterSnmp v0.3 - working with a named pipe\C++ pipe\ClientPipe\ClientPipe\ClientPipe.vcxproj" (build target(s)).

Build succeeded.

Time Elapsed 00:00:01.68
