Build started 23/05/2012 12:04:17 PM.
     1>Project "C:\Users\LinhNguyen\Downloads\Visual Studio 2008\CppFileMappingClient\CppFileMappingClient.vcxproj" on node 3 (build target(s)).
     1>InitializeBuildStatus:
         Creating "Debug\CppFileMappingClient.unsuccessfulbuild" because "AlwaysCreate" was specified.
       ClCompile:
         C:\Program Files (x86)\Microsoft Visual Studio 10.0\VC\bin\CL.exe /c /ZI /nologo /W3 /WX- /Od /Oy- /D WIN32 /D _DEBUG /D _CONSOLE /D _UNICODE /D UNICODE /Gm /EHsc /RTC1 /MDd /GS /fp:precise /Zc:wchar_t /Zc:forScope /Yc"StdAfx.h" /Fp"Debug\CppFileMappingClient.pch" /Fo"Debug\\" /Fd"Debug\vc100.pdb" /Gd /TP /analyze- /errorReport:prompt stdafx.cpp
         stdafx.cpp
         C:\Program Files (x86)\Microsoft Visual Studio 10.0\VC\bin\CL.exe /c /ZI /nologo /W3 /WX- /Od /Oy- /D WIN32 /D _DEBUG /D _CONSOLE /D _UNICODE /D UNICODE /Gm /EHsc /RTC1 /MDd /GS /fp:precise /Zc:wchar_t /Zc:forScope /Yu"StdAfx.h" /Fp"Debug\CppFileMappingClient.pch" /Fo"Debug\\" /Fd"Debug\vc100.pdb" /Gd /TP /analyze- /errorReport:prompt CppFileMappingClient.cpp
         CppFileMappingClient.cpp
       ManifestResourceCompile:
         C:\Program Files (x86)\Microsoft SDKs\Windows\v7.0A\bin\rc.exe /nologo /fo"Debug\CppFileMappingClient.exe.embed.manifest.res" Debug\CppFileMappingClient_manifest.rc 
       Link:
         C:\Program Files (x86)\Microsoft Visual Studio 10.0\VC\bin\link.exe /ERRORREPORT:PROMPT /OUT:"C:\Users\LinhNguyen\Downloads\Visual Studio 2008\Debug\CppFileMappingClient.exe" /INCREMENTAL /NOLOGO kernel32.lib user32.lib gdi32.lib winspool.lib comdlg32.lib advapi32.lib shell32.lib ole32.lib oleaut32.lib uuid.lib odbc32.lib odbccp32.lib /MANIFEST /ManifestFile:"Debug\CppFileMappingClient.exe.intermediate.manifest" /MANIFESTUAC:"level='asInvoker' uiAccess='false'" /DEBUG /PDB:"C:\Users\LinhNguyen\Downloads\Visual Studio 2008\Debug\CppFileMappingClient.pdb" /SUBSYSTEM:CONSOLE /TLBID:1 /DYNAMICBASE /NXCOMPAT /IMPLIB:"C:\Users\LinhNguyen\Downloads\Visual Studio 2008\Debug\CppFileMappingClient.lib" /MACHINE:X86 Debug\CppFileMappingClient.exe.embed.manifest.res
         Debug\CppFileMappingClient.obj
         Debug\stdafx.obj
       Manifest:
         C:\Program Files (x86)\Microsoft SDKs\Windows\v7.0A\bin\mt.exe /nologo /verbose /out:"Debug\CppFileMappingClient.exe.embed.manifest" /manifest Debug\CppFileMappingClient.exe.intermediate.manifest
         C:\Program Files (x86)\Microsoft SDKs\Windows\v7.0A\bin\rc.exe /nologo /fo"Debug\CppFileMappingClient.exe.embed.manifest.res" Debug\CppFileMappingClient_manifest.rc 
       LinkEmbedManifest:
         C:\Program Files (x86)\Microsoft Visual Studio 10.0\VC\bin\link.exe /ERRORREPORT:PROMPT /OUT:"C:\Users\LinhNguyen\Downloads\Visual Studio 2008\Debug\CppFileMappingClient.exe" /INCREMENTAL /NOLOGO kernel32.lib user32.lib gdi32.lib winspool.lib comdlg32.lib advapi32.lib shell32.lib ole32.lib oleaut32.lib uuid.lib odbc32.lib odbccp32.lib /MANIFEST /ManifestFile:"Debug\CppFileMappingClient.exe.intermediate.manifest" /MANIFESTUAC:"level='asInvoker' uiAccess='false'" /DEBUG /PDB:"C:\Users\LinhNguyen\Downloads\Visual Studio 2008\Debug\CppFileMappingClient.pdb" /SUBSYSTEM:CONSOLE /TLBID:1 /DYNAMICBASE /NXCOMPAT /IMPLIB:"C:\Users\LinhNguyen\Downloads\Visual Studio 2008\Debug\CppFileMappingClient.lib" /MACHINE:X86 Debug\CppFileMappingClient.exe.embed.manifest.res
         Debug\CppFileMappingClient.obj
         Debug\stdafx.obj
         CppFileMappingClient.vcxproj -> C:\Users\LinhNguyen\Downloads\Visual Studio 2008\Debug\CppFileMappingClient.exe
       FinalizeBuildStatus:
         Deleting file "Debug\CppFileMappingClient.unsuccessfulbuild".
         Touching "Debug\CppFileMappingClient.lastbuildstate".
     1>Done Building Project "C:\Users\LinhNguyen\Downloads\Visual Studio 2008\CppFileMappingClient\CppFileMappingClient.vcxproj" (build target(s)).

Build succeeded.

Time Elapsed 00:00:01.76
