Build started 23/05/2012 12:04:15 PM.
     1>Project "C:\Users\LinhNguyen\Downloads\Visual Studio 2008\CppFileMappingServer\CppFileMappingServer.vcxproj" on node 2 (build target(s)).
     1>InitializeBuildStatus:
         Creating "Debug\CppFileMappingServer.unsuccessfulbuild" because "AlwaysCreate" was specified.
       ClCompile:
         C:\Program Files (x86)\Microsoft Visual Studio 10.0\VC\bin\CL.exe /c /ZI /nologo /W3 /WX- /Od /Oy- /D WIN32 /D _DEBUG /D _CONSOLE /D _UNICODE /D UNICODE /Gm /EHsc /RTC1 /MDd /GS /fp:precise /Zc:wchar_t /Zc:forScope /Yc"StdAfx.h" /Fp"Debug\CppFileMappingServer.pch" /Fo"Debug\\" /Fd"Debug\vc100.pdb" /Gd /TP /analyze- /errorReport:prompt stdafx.cpp
         stdafx.cpp
         C:\Program Files (x86)\Microsoft Visual Studio 10.0\VC\bin\CL.exe /c /ZI /nologo /W3 /WX- /Od /Oy- /D WIN32 /D _DEBUG /D _CONSOLE /D _UNICODE /D UNICODE /Gm /EHsc /RTC1 /MDd /GS /fp:precise /Zc:wchar_t /Zc:forScope /Yu"StdAfx.h" /Fp"Debug\CppFileMappingServer.pch" /Fo"Debug\\" /Fd"Debug\vc100.pdb" /Gd /TP /analyze- /errorReport:prompt CppFileMappingServer.cpp
         CppFileMappingServer.cpp
       ManifestResourceCompile:
         C:\Program Files (x86)\Microsoft SDKs\Windows\v7.0A\bin\rc.exe /nologo /fo"Debug\CppFileMappingServer.exe.embed.manifest.res" Debug\CppFileMappingServer_manifest.rc 
       Link:
         C:\Program Files (x86)\Microsoft Visual Studio 10.0\VC\bin\link.exe /ERRORREPORT:PROMPT /OUT:"C:\Users\LinhNguyen\Downloads\Visual Studio 2008\Debug\CppFileMappingServer.exe" /INCREMENTAL /NOLOGO kernel32.lib user32.lib gdi32.lib winspool.lib comdlg32.lib advapi32.lib shell32.lib ole32.lib oleaut32.lib uuid.lib odbc32.lib odbccp32.lib /MANIFEST /ManifestFile:"Debug\CppFileMappingServer.exe.intermediate.manifest" /MANIFESTUAC:"level='asInvoker' uiAccess='false'" /DEBUG /PDB:"C:\Users\LinhNguyen\Downloads\Visual Studio 2008\Debug\CppFileMappingServer.pdb" /SUBSYSTEM:CONSOLE /TLBID:1 /DYNAMICBASE /NXCOMPAT /IMPLIB:"C:\Users\LinhNguyen\Downloads\Visual Studio 2008\Debug\CppFileMappingServer.lib" /MACHINE:X86 Debug\CppFileMappingServer.exe.embed.manifest.res
         Debug\CppFileMappingServer.obj
         Debug\stdafx.obj
       Manifest:
         C:\Program Files (x86)\Microsoft SDKs\Windows\v7.0A\bin\mt.exe /nologo /verbose /out:"Debug\CppFileMappingServer.exe.embed.manifest" /manifest Debug\CppFileMappingServer.exe.intermediate.manifest
         C:\Program Files (x86)\Microsoft SDKs\Windows\v7.0A\bin\rc.exe /nologo /fo"Debug\CppFileMappingServer.exe.embed.manifest.res" Debug\CppFileMappingServer_manifest.rc 
       LinkEmbedManifest:
         C:\Program Files (x86)\Microsoft Visual Studio 10.0\VC\bin\link.exe /ERRORREPORT:PROMPT /OUT:"C:\Users\LinhNguyen\Downloads\Visual Studio 2008\Debug\CppFileMappingServer.exe" /INCREMENTAL /NOLOGO kernel32.lib user32.lib gdi32.lib winspool.lib comdlg32.lib advapi32.lib shell32.lib ole32.lib oleaut32.lib uuid.lib odbc32.lib odbccp32.lib /MANIFEST /ManifestFile:"Debug\CppFileMappingServer.exe.intermediate.manifest" /MANIFESTUAC:"level='asInvoker' uiAccess='false'" /DEBUG /PDB:"C:\Users\LinhNguyen\Downloads\Visual Studio 2008\Debug\CppFileMappingServer.pdb" /SUBSYSTEM:CONSOLE /TLBID:1 /DYNAMICBASE /NXCOMPAT /IMPLIB:"C:\Users\LinhNguyen\Downloads\Visual Studio 2008\Debug\CppFileMappingServer.lib" /MACHINE:X86 Debug\CppFileMappingServer.exe.embed.manifest.res
         Debug\CppFileMappingServer.obj
         Debug\stdafx.obj
         CppFileMappingServer.vcxproj -> C:\Users\LinhNguyen\Downloads\Visual Studio 2008\Debug\CppFileMappingServer.exe
       FinalizeBuildStatus:
         Deleting file "Debug\CppFileMappingServer.unsuccessfulbuild".
         Touching "Debug\CppFileMappingServer.lastbuildstate".
     1>Done Building Project "C:\Users\LinhNguyen\Downloads\Visual Studio 2008\CppFileMappingServer\CppFileMappingServer.vcxproj" (build target(s)).

Build succeeded.

Time Elapsed 00:00:02.47
